{
  "RSpec": {
    "coverage": {
      "/Users/alexosborne/turing/mod_2/projects/music/config/environment.rb": {
        "lines": [
          null,
          1,
          null,
          null,
          1
        ]
      },
      "/Users/alexosborne/turing/mod_2/projects/music/config/application.rb": {
        "lines": [
          1,
          null,
          1,
          null,
          1,
          1,
          1,
          1,
          1,
          1,
          1,
          1,
          1,
          null,
          null,
          null,
          null,
          1,
          null,
          1,
          1,
          null,
          1,
          null,
          null,
          null,
          null,
          null,
          null,
          null,
          1,
          null,
          null
        ]
      },
      "/Users/alexosborne/turing/mod_2/projects/music/config/boot.rb": {
        "lines": [
          1,
          null,
          1,
          1
        ]
      },
      "/Users/alexosborne/turing/mod_2/projects/music/config/environments/test.rb": {
        "lines": [
          1,
          null,
          null,
          null,
          null,
          null,
          null,
          1,
          null,
          null,
          null,
          null,
          1,
          null,
          null,
          1,
          1,
          null,
          null,
          null,
          null,
          1,
          1,
          null,
          null,
          1,
          null,
          null,
          1,
          null,
          null,
          1,
          null,
          1,
          null,
          null,
          null,
          null,
          1,
          null,
          null,
          1,
          null,
          null,
          null,
          null
        ]
      },
      "/Users/alexosborne/turing/mod_2/projects/music/config/initializers/application_controller_renderer.rb": {
        "lines": [
          null,
          null,
          null,
          null,
          null,
          null,
          null,
          null
        ]
      },
      "/Users/alexosborne/turing/mod_2/projects/music/config/initializers/assets.rb": {
        "lines": [
          null,
          null,
          null,
          1,
          null,
          null,
          null,
          null,
          1,
          null,
          null,
          null,
          null,
          null
        ]
      },
      "/Users/alexosborne/turing/mod_2/projects/music/config/initializers/backtrace_silencers.rb": {
        "lines": [
          null,
          null,
          null,
          null,
          null,
          null,
          null
        ]
      },
      "/Users/alexosborne/turing/mod_2/projects/music/config/initializers/content_security_policy.rb": {
        "lines": [
          null,
          null,
          null,
          null,
          null,
          null,
          null,
          null,
          null,
          null,
          null,
          null,
          null,
          null,
          null,
          null,
          null,
          null,
          null,
          null,
          null,
          null,
          null,
          null,
          null
        ]
      },
      "/Users/alexosborne/turing/mod_2/projects/music/config/initializers/cookies_serializer.rb": {
        "lines": [
          null,
          null,
          null,
          null,
          1
        ]
      },
      "/Users/alexosborne/turing/mod_2/projects/music/config/initializers/filter_parameter_logging.rb": {
        "lines": [
          null,
          null,
          null,
          1
        ]
      },
      "/Users/alexosborne/turing/mod_2/projects/music/config/initializers/inflections.rb": {
        "lines": [
          null,
          null,
          null,
          null,
          null,
          null,
          null,
          null,
          null,
          null,
          null,
          null,
          null,
          null,
          null,
          null
        ]
      },
      "/Users/alexosborne/turing/mod_2/projects/music/config/initializers/mime_types.rb": {
        "lines": [
          null,
          null,
          null,
          null
        ]
      },
      "/Users/alexosborne/turing/mod_2/projects/music/config/initializers/wrap_parameters.rb": {
        "lines": [
          null,
          null,
          null,
          null,
          null,
          null,
          1,
          2,
          null,
          null,
          null,
          null,
          null,
          null
        ]
      },
      "/Users/alexosborne/turing/mod_2/projects/music/config/routes.rb": {
        "lines": [
          1,
          null,
          null,
          1,
          1,
          1,
          null
        ]
      },
      "/Users/alexosborne/turing/mod_2/projects/music/app/helpers/application_helper.rb": {
        "lines": [
          1,
          null
        ]
      },
      "/Users/alexosborne/turing/mod_2/projects/music/spec/features/venues/index_spec.rb": {
        "lines": [
          1,
          null,
          null,
          1,
          1,
          1,
          1,
          1,
          null,
          1,
          1,
          1,
          null,
          null,
          null
        ]
      },
      "/Users/alexosborne/turing/mod_2/projects/music/spec/features/venues/show_spec.rb": {
        "lines": [
          1,
          null,
          null,
          1,
          1,
          1,
          1,
          1,
          null,
          1,
          1,
          1,
          1,
          1,
          null,
          null,
          null
        ]
      },
      "/Users/alexosborne/turing/mod_2/projects/music/spec/models/band_spec.rb": {
        "lines": [
          1,
          null,
          1,
          1,
          2,
          null,
          null,
          1,
          2,
          null,
          null,
          1,
          null,
          null
        ]
      },
      "/Users/alexosborne/turing/mod_2/projects/music/app/models/band.rb": {
        "lines": [
          1,
          1,
          1,
          null
        ]
      },
      "/Users/alexosborne/turing/mod_2/projects/music/app/models/application_record.rb": {
        "lines": [
          1,
          1,
          null
        ]
      },
      "/Users/alexosborne/turing/mod_2/projects/music/spec/models/venue_spec.rb": {
        "lines": [
          1,
          null,
          1,
          1,
          2,
          2,
          null,
          null,
          1,
          2,
          null,
          null,
          1,
          null,
          null
        ]
      },
      "/Users/alexosborne/turing/mod_2/projects/music/app/models/venue.rb": {
        "lines": [
          1,
          1,
          1,
          1,
          null
        ]
      },
      "/Users/alexosborne/turing/mod_2/projects/music/app/controllers/bands_controller.rb": {
        "lines": [
          1,
          1,
          1,
          null,
          null
        ]
      },
      "/Users/alexosborne/turing/mod_2/projects/music/app/controllers/application_controller.rb": {
        "lines": [
          1,
          null
        ]
      },
      "/Users/alexosborne/turing/mod_2/projects/music/app/controllers/venues_controller.rb": {
        "lines": [
          1,
          1,
          1,
          null,
          null,
          1,
          1,
          null,
          null
        ]
      },
      "/Users/alexosborne/turing/mod_2/projects/music/app/models/member.rb": {
        "lines": [
          1,
          null
        ]
      },
      "/Users/alexosborne/turing/mod_2/projects/music/app/models/event.rb": {
        "lines": [
          1,
          null,
          null
        ]
      }
    },
    "timestamp": 1606866271
  }
}
